{
  "stats": {
    "suites": 193,
    "tests": 186,
    "passes": 180,
    "pending": 0,
    "failures": 6,
    "start": "2022-07-10T12:43:33.326Z",
    "end": "2022-07-10T12:43:45.537Z",
    "duration": 12211,
    "testsRegistered": 186,
    "passPercent": 96.7741935483871,
    "pendingPercent": 0,
    "other": 0,
    "hasOther": false,
    "skipped": 0,
    "hasSkipped": false
  },
  "results": [
    {
      "uuid": "dc79b3d1-3393-4d1b-81e9-6d0f04df1e1e",
      "title": "",
      "fullFile": "",
      "file": "",
      "beforeHooks": [],
      "afterHooks": [],
      "tests": [],
      "suites": [
        {
          "uuid": "3b35e6cd-9dc7-41d5-bbda-6e4ebe32a754",
          "title": "Test CR1 Item",
          "fullFile": "/Users/alessandrogelsi/Desktop/EzWarehouseDev/EzWh/code/server/acceptanceTest/testEzWhAPI.js",
          "file": "/acceptanceTest/testEzWhAPI.js",
          "beforeHooks": [],
          "afterHooks": [],
          "tests": [],
          "suites": [
            {
              "uuid": "163436d8-66a6-405b-9176-e591e6cfb9aa",
              "title": "Removing all Items",
              "fullFile": "/Users/alessandrogelsi/Desktop/EzWarehouseDev/EzWh/code/server/acceptanceTest/testEzWhAPI.js",
              "file": "/acceptanceTest/testEzWhAPI.js",
              "beforeHooks": [],
              "afterHooks": [],
              "tests": [
                {
                  "title": "get /api/items/",
                  "fullTitle": "Test CR1 Item Removing all Items get /api/items/",
                  "timedOut": false,
                  "duration": 180,
                  "state": "passed",
                  "speed": "slow",
                  "pass": true,
                  "fail": false,
                  "pending": false,
                  "context": null,
                  "code": "const res = await agent.get('/api/items');\nconsole.log(res.body);\nres.should.have.status(200);\nif(res.body.length !==0) {\n    let res2;\n    for (let i = 0; i< res.body.length; i++){\n        res2 = await\n        agent.delete('/api/items/'+res.body[i].id+'/'+res.body[i].supplierId);\n        res2.should.have.status(204);\n        console.log(\"Deleted \" + res.body[i].id + \" by supplier \"+ res.body[i].supplierId);\n    }\n}",
                  "err": {},
                  "uuid": "f6303fc3-8a87-4689-b9a9-fee0d4240ee7",
                  "parentUUID": "163436d8-66a6-405b-9176-e591e6cfb9aa",
                  "isHook": false,
                  "skipped": false
                }
              ],
              "suites": [],
              "passes": [
                "f6303fc3-8a87-4689-b9a9-fee0d4240ee7"
              ],
              "failures": [],
              "pending": [],
              "skipped": [],
              "duration": 180,
              "root": false,
              "rootEmpty": false,
              "_timeout": 30000
            },
            {
              "uuid": "527d755c-e0de-4854-aeb7-d863d820bd07",
              "title": "Get all items",
              "fullFile": "/Users/alessandrogelsi/Desktop/EzWarehouseDev/EzWh/code/server/acceptanceTest/testEzWhAPI.js",
              "file": "/acceptanceTest/testEzWhAPI.js",
              "beforeHooks": [],
              "afterHooks": [],
              "tests": [
                {
                  "title": "get /api/items/",
                  "fullTitle": "Test CR1 Item Get all items get /api/items/",
                  "timedOut": false,
                  "duration": 134,
                  "state": "passed",
                  "speed": "slow",
                  "pass": true,
                  "fail": false,
                  "pending": false,
                  "context": null,
                  "code": "agent.get('/api/items')\n.then(function(res){\n    console.log(res.body);\n    res.should.have.status(expCode);\n    res.body.should.be.a('array');\n    res.body.length.should.be.equal(size);\n    done();\n}).catch(err => done(err));",
                  "err": {},
                  "uuid": "f6e6f799-585f-49cb-86df-2084a8a63613",
                  "parentUUID": "527d755c-e0de-4854-aeb7-d863d820bd07",
                  "isHook": false,
                  "skipped": false
                }
              ],
              "suites": [],
              "passes": [
                "f6e6f799-585f-49cb-86df-2084a8a63613"
              ],
              "failures": [],
              "pending": [],
              "skipped": [],
              "duration": 134,
              "root": false,
              "rootEmpty": false,
              "_timeout": 30000
            },
            {
              "uuid": "5b1ecf84-c171-45f8-bd10-1e3f94973e05",
              "title": "removing all skuitems",
              "fullFile": "/Users/alessandrogelsi/Desktop/EzWarehouseDev/EzWh/code/server/acceptanceTest/testEzWhAPI.js",
              "file": "/acceptanceTest/testEzWhAPI.js",
              "beforeHooks": [],
              "afterHooks": [],
              "tests": [
                {
                  "title": "Getting SKUitems",
                  "fullTitle": "Test CR1 Item removing all skuitems Getting SKUitems",
                  "timedOut": false,
                  "duration": 174,
                  "state": "passed",
                  "speed": "slow",
                  "pass": true,
                  "fail": false,
                  "pending": false,
                  "context": null,
                  "code": "const res = await agent.get('/api/skuitems');\nconsole.log(res.body);\nres.should.have.status(200);\nif (res.body.length !==0) {\n    let res2;\n    for (let i = 0; i < res.body.length; i++) {\n        res2 = await\n        agent.delete('/api/skuitems/'+res.body[i].RFID);\n        res2.should.have.status(204);\n        console.log(\"Deleted \"+ res.body[i].RFID);\n    }\n}\nconsole.log(\"done!\");",
                  "err": {},
                  "uuid": "920c17b0-c479-4af0-92fb-b8050a955dc6",
                  "parentUUID": "5b1ecf84-c171-45f8-bd10-1e3f94973e05",
                  "isHook": false,
                  "skipped": false
                }
              ],
              "suites": [],
              "passes": [
                "920c17b0-c479-4af0-92fb-b8050a955dc6"
              ],
              "failures": [],
              "pending": [],
              "skipped": [],
              "duration": 174,
              "root": false,
              "rootEmpty": false,
              "_timeout": 30000
            },
            {
              "uuid": "0fa8d49a-229c-4fd8-bfca-ebdbcd242d2f",
              "title": "get /api/skuitems",
              "fullFile": "/Users/alessandrogelsi/Desktop/EzWarehouseDev/EzWh/code/server/acceptanceTest/testEzWhAPI.js",
              "file": "/acceptanceTest/testEzWhAPI.js",
              "beforeHooks": [],
              "afterHooks": [],
              "tests": [
                {
                  "title": "Getting SKUitems",
                  "fullTitle": "Test CR1 Item get /api/skuitems Getting SKUitems",
                  "timedOut": false,
                  "duration": 21,
                  "state": "passed",
                  "speed": "fast",
                  "pass": true,
                  "fail": false,
                  "pending": false,
                  "context": null,
                  "code": "agent.get('/api/skuitems')\n.then(function (res) {\n    console.log(res.body[0]);\n    res.should.have.status(expCode);\n    res.body.should.be.a('array');\n    res.body.length.should.be.equal(size);\n    let idSKUs = ids.getIdSku();\n    for (let i = 0; i < size; i++) {\n        res.body[i].RFID.should.equal(skuitems[i].RFID);\n        res.body[i].SKUId.should.equal(idSKUs[skuitems[i].SKUId]);\n        res.body[i].DateOfStock.should.equal(skuitems[i].DateOfStock);\n        if(skuitems[i].Available !== undefined){\n            res.body[i].Available.should.equal(skuitems[i].Available);\n            //console.log('null');\n        }\n    }\n    \n    done();                \n}).catch(err=>done(err));",
                  "err": {},
                  "uuid": "da732cc7-906e-4d72-aecf-7c78dcc784b9",
                  "parentUUID": "0fa8d49a-229c-4fd8-bfca-ebdbcd242d2f",
                  "isHook": false,
                  "skipped": false
                }
              ],
              "suites": [],
              "passes": [
                "da732cc7-906e-4d72-aecf-7c78dcc784b9"
              ],
              "failures": [],
              "pending": [],
              "skipped": [],
              "duration": 21,
              "root": false,
              "rootEmpty": false,
              "_timeout": 30000
            },
            {
              "uuid": "f0d01e5c-7f04-459b-9f23-2520aa85e3d7",
              "title": "removing all skus",
              "fullFile": "/Users/alessandrogelsi/Desktop/EzWarehouseDev/EzWh/code/server/acceptanceTest/testEzWhAPI.js",
              "file": "/acceptanceTest/testEzWhAPI.js",
              "beforeHooks": [],
              "afterHooks": [],
              "tests": [
                {
                  "title": "Getting SKUs",
                  "fullTitle": "Test CR1 Item removing all skus Getting SKUs",
                  "timedOut": false,
                  "duration": 51,
                  "state": "passed",
                  "speed": "medium",
                  "pass": true,
                  "fail": false,
                  "pending": false,
                  "context": null,
                  "code": "const res = await agent.get('/api/skus');\nconsole.log(res.body);\nres.should.have.status(200);\nif (res.body.length !==0) {\n    let res2;\n    for (let i = 0; i < res.body.length; i++) {\n        res2 = await\n        agent.delete('/api/skus/'+res.body[i].id);\n        res2.should.have.status(204);\n        console.log(\"Deleted \"+ res.body[i].id);\n    }\n} \nconsole.log(\"done!\");",
                  "err": {},
                  "uuid": "1688ab75-a2a1-43e2-a9cb-eb6ab3c9f02d",
                  "parentUUID": "f0d01e5c-7f04-459b-9f23-2520aa85e3d7",
                  "isHook": false,
                  "skipped": false
                }
              ],
              "suites": [],
              "passes": [
                "1688ab75-a2a1-43e2-a9cb-eb6ab3c9f02d"
              ],
              "failures": [],
              "pending": [],
              "skipped": [],
              "duration": 51,
              "root": false,
              "rootEmpty": false,
              "_timeout": 30000
            },
            {
              "uuid": "4dddb6cf-06f1-4ff2-8ff7-7c1a52b8bb29",
              "title": "get /api/skus",
              "fullFile": "/Users/alessandrogelsi/Desktop/EzWarehouseDev/EzWh/code/server/acceptanceTest/testEzWhAPI.js",
              "file": "/acceptanceTest/testEzWhAPI.js",
              "beforeHooks": [],
              "afterHooks": [],
              "tests": [
                {
                  "title": "FR 2.3 -> List all SKUs",
                  "fullTitle": "Test CR1 Item get /api/skus FR 2.3 -> List all SKUs",
                  "timedOut": false,
                  "duration": 9,
                  "state": "passed",
                  "speed": "fast",
                  "pass": true,
                  "fail": false,
                  "pending": false,
                  "context": null,
                  "code": "agent.get('/api/skus')\n.then(function (res) {\n    res.should.have.status(expCode);\n    res.body.should.be.a('array');\n    res.body.length.should.be.eql(size);\n    let id = [];\n    if (size > 0) {\n        for (let i = 0; i < size; i++) {\n            id[i] = res.body[i].id;\n            res.body[i].description.should.equal(sku[i].description);\n            res.body[i].weight.should.equal(sku[i].weight);\n            res.body[i].volume.should.equal(sku[i].volume);\n            res.body[i].notes.should.equal(sku[i].notes);\n            res.body[i].availableQuantity.should.equal(sku[i].availableQuantity);\n            res.body[i].price.should.equal(sku[i].price);\n        }\n        ids.setIdSku(id);\n    }             \n    done();\n}).catch(err=>done(err));",
                  "err": {},
                  "uuid": "09293e62-de26-44c8-b5e5-deba13684a98",
                  "parentUUID": "4dddb6cf-06f1-4ff2-8ff7-7c1a52b8bb29",
                  "isHook": false,
                  "skipped": false
                }
              ],
              "suites": [],
              "passes": [
                "09293e62-de26-44c8-b5e5-deba13684a98"
              ],
              "failures": [],
              "pending": [],
              "skipped": [],
              "duration": 9,
              "root": false,
              "rootEmpty": false,
              "_timeout": 30000
            },
            {
              "uuid": "87b450f7-80de-48ca-8526-2671f92f8569",
              "title": " Delete all not manager",
              "fullFile": "/Users/alessandrogelsi/Desktop/EzWarehouseDev/EzWh/code/server/acceptanceTest/testEzWhAPI.js",
              "file": "/acceptanceTest/testEzWhAPI.js",
              "beforeHooks": [],
              "afterHooks": [],
              "tests": [
                {
                  "title": "Cleaning db user util",
                  "fullTitle": "Test CR1 Item  Delete all not manager Cleaning db user util",
                  "timedOut": false,
                  "duration": 154,
                  "state": "passed",
                  "speed": "slow",
                  "pass": true,
                  "fail": false,
                  "pending": false,
                  "context": null,
                  "code": "const res = await agent.get('/api/users');\nconsole.log(res.body);\nres.should.have.status(200);\nif (res.body.length !==0) {\n    let res2;\n    for(let i=0; i<res.body.length; i++){\n        console.log(res.body[i].email);\n        res2 = await\n        agent.delete('/api/users/'+res.body[i].email+'/'+res.body[i].type);\n        console.log(res2.body);\n        res2.should.have.status(204);\n        console.log(\"Deleted \"+ res.body[i].email);                    \n    }                \n}\nconsole.log(\"done!\");",
                  "err": {},
                  "uuid": "d7225e45-6fd8-496f-ba0a-d32c3fef1fff",
                  "parentUUID": "87b450f7-80de-48ca-8526-2671f92f8569",
                  "isHook": false,
                  "skipped": false
                }
              ],
              "suites": [],
              "passes": [
                "d7225e45-6fd8-496f-ba0a-d32c3fef1fff"
              ],
              "failures": [],
              "pending": [],
              "skipped": [],
              "duration": 154,
              "root": false,
              "rootEmpty": false,
              "_timeout": 30000
            },
            {
              "uuid": "32693f77-1436-4c01-8d81-47feb707312b",
              "title": " post /api/newUser",
              "fullFile": "/Users/alessandrogelsi/Desktop/EzWarehouseDev/EzWh/code/server/acceptanceTest/testEzWhAPI.js",
              "file": "/acceptanceTest/testEzWhAPI.js",
              "beforeHooks": [],
              "afterHooks": [],
              "tests": [
                {
                  "title": "FR 1.1 a -> Define a new user",
                  "fullTitle": "Test CR1 Item  post /api/newUser FR 1.1 a -> Define a new user",
                  "timedOut": false,
                  "duration": 279,
                  "state": "passed",
                  "speed": "slow",
                  "pass": true,
                  "fail": false,
                  "pending": false,
                  "context": null,
                  "code": "agent.post('/api/newUser')\n.send(myuser)\n.then(function(res){\n    res.should.have.status(expCode);\n    done();\n}).catch(err=>done(err));",
                  "err": {},
                  "uuid": "71bcd564-efc4-41c1-9092-5b9857fd2740",
                  "parentUUID": "32693f77-1436-4c01-8d81-47feb707312b",
                  "isHook": false,
                  "skipped": false
                }
              ],
              "suites": [],
              "passes": [
                "71bcd564-efc4-41c1-9092-5b9857fd2740"
              ],
              "failures": [],
              "pending": [],
              "skipped": [],
              "duration": 279,
              "root": false,
              "rootEmpty": false,
              "_timeout": 30000
            },
            {
              "uuid": "04fb2789-6e94-45d0-adef-e9ade559e95c",
              "title": " post /api/newUser",
              "fullFile": "/Users/alessandrogelsi/Desktop/EzWarehouseDev/EzWh/code/server/acceptanceTest/testEzWhAPI.js",
              "file": "/acceptanceTest/testEzWhAPI.js",
              "beforeHooks": [],
              "afterHooks": [],
              "tests": [
                {
                  "title": "FR 1.1 a -> Define a new user",
                  "fullTitle": "Test CR1 Item  post /api/newUser FR 1.1 a -> Define a new user",
                  "timedOut": false,
                  "duration": 229,
                  "state": "passed",
                  "speed": "slow",
                  "pass": true,
                  "fail": false,
                  "pending": false,
                  "context": null,
                  "code": "agent.post('/api/newUser')\n.send(myuser)\n.then(function(res){\n    res.should.have.status(expCode);\n    done();\n}).catch(err=>done(err));",
                  "err": {},
                  "uuid": "89f5e8dd-2a27-4b64-a22f-b494f4c043b0",
                  "parentUUID": "04fb2789-6e94-45d0-adef-e9ade559e95c",
                  "isHook": false,
                  "skipped": false
                }
              ],
              "suites": [],
              "passes": [
                "89f5e8dd-2a27-4b64-a22f-b494f4c043b0"
              ],
              "failures": [],
              "pending": [],
              "skipped": [],
              "duration": 229,
              "root": false,
              "rootEmpty": false,
              "_timeout": 30000
            },
            {
              "uuid": "bcb58501-f542-449f-b978-3903272adbea",
              "title": " get /api/suppliers",
              "fullFile": "/Users/alessandrogelsi/Desktop/EzWarehouseDev/EzWh/code/server/acceptanceTest/testEzWhAPI.js",
              "file": "/acceptanceTest/testEzWhAPI.js",
              "beforeHooks": [],
              "afterHooks": [],
              "tests": [
                {
                  "title": " get all suppliers",
                  "fullTitle": "Test CR1 Item  get /api/suppliers  get all suppliers",
                  "timedOut": false,
                  "duration": 7,
                  "state": "passed",
                  "speed": "fast",
                  "pass": true,
                  "fail": false,
                  "pending": false,
                  "context": null,
                  "code": "let idsupp = [];\nagent.get('/api/suppliers')\n.then(function(res){\n    for(let i=0; i<res.body.length; i++){\n        idsupp[i] = res.body[i].id;\n    }\n    ids.setIdSuppliers(idsupp);\n    //console.log(res.body);\n    done();\n}).catch(err=>done(err));",
                  "err": {},
                  "uuid": "c21af0dc-edc9-44f3-87af-53f6d71745f4",
                  "parentUUID": "bcb58501-f542-449f-b978-3903272adbea",
                  "isHook": false,
                  "skipped": false
                }
              ],
              "suites": [],
              "passes": [
                "c21af0dc-edc9-44f3-87af-53f6d71745f4"
              ],
              "failures": [],
              "pending": [],
              "skipped": [],
              "duration": 7,
              "root": false,
              "rootEmpty": false,
              "_timeout": 30000
            },
            {
              "uuid": "4d0d4fa9-eb50-46a8-b019-2c10b8f758a3",
              "title": "post /api/sku/",
              "fullFile": "/Users/alessandrogelsi/Desktop/EzWarehouseDev/EzWh/code/server/acceptanceTest/testEzWhAPI.js",
              "file": "/acceptanceTest/testEzWhAPI.js",
              "beforeHooks": [],
              "afterHooks": [],
              "tests": [
                {
                  "title": "FR 2.1 a -> Define a new SKU",
                  "fullTitle": "Test CR1 Item post /api/sku/ FR 2.1 a -> Define a new SKU",
                  "timedOut": false,
                  "duration": 13,
                  "state": "passed",
                  "speed": "fast",
                  "pass": true,
                  "fail": false,
                  "pending": false,
                  "context": null,
                  "code": "agent.post('/api/sku/')\n.send(thesku)\n.then(function (res) {\n    res.should.have.status(expCode);\n    done();\n}).catch(err=>done(err));",
                  "err": {},
                  "uuid": "5f586e44-405c-46e1-9c71-5c4fa06401eb",
                  "parentUUID": "4d0d4fa9-eb50-46a8-b019-2c10b8f758a3",
                  "isHook": false,
                  "skipped": false
                }
              ],
              "suites": [],
              "passes": [
                "5f586e44-405c-46e1-9c71-5c4fa06401eb"
              ],
              "failures": [],
              "pending": [],
              "skipped": [],
              "duration": 13,
              "root": false,
              "rootEmpty": false,
              "_timeout": 30000
            },
            {
              "uuid": "f6dcd43a-c3bb-4c89-bdb9-0e8ae97bed09",
              "title": "post /api/sku/",
              "fullFile": "/Users/alessandrogelsi/Desktop/EzWarehouseDev/EzWh/code/server/acceptanceTest/testEzWhAPI.js",
              "file": "/acceptanceTest/testEzWhAPI.js",
              "beforeHooks": [],
              "afterHooks": [],
              "tests": [
                {
                  "title": "FR 2.1 a -> Define a new SKU",
                  "fullTitle": "Test CR1 Item post /api/sku/ FR 2.1 a -> Define a new SKU",
                  "timedOut": false,
                  "duration": 20,
                  "state": "passed",
                  "speed": "fast",
                  "pass": true,
                  "fail": false,
                  "pending": false,
                  "context": null,
                  "code": "agent.post('/api/sku/')\n.send(thesku)\n.then(function (res) {\n    res.should.have.status(expCode);\n    done();\n}).catch(err=>done(err));",
                  "err": {},
                  "uuid": "4114f88a-99e4-40dc-895c-10d37e027f60",
                  "parentUUID": "f6dcd43a-c3bb-4c89-bdb9-0e8ae97bed09",
                  "isHook": false,
                  "skipped": false
                }
              ],
              "suites": [],
              "passes": [
                "4114f88a-99e4-40dc-895c-10d37e027f60"
              ],
              "failures": [],
              "pending": [],
              "skipped": [],
              "duration": 20,
              "root": false,
              "rootEmpty": false,
              "_timeout": 30000
            },
            {
              "uuid": "1749d56b-0642-4f71-b811-5acf4ed91d36",
              "title": "get /api/skus",
              "fullFile": "/Users/alessandrogelsi/Desktop/EzWarehouseDev/EzWh/code/server/acceptanceTest/testEzWhAPI.js",
              "file": "/acceptanceTest/testEzWhAPI.js",
              "beforeHooks": [],
              "afterHooks": [],
              "tests": [
                {
                  "title": "FR 2.3 -> List all SKUs",
                  "fullTitle": "Test CR1 Item get /api/skus FR 2.3 -> List all SKUs",
                  "timedOut": false,
                  "duration": 8,
                  "state": "passed",
                  "speed": "fast",
                  "pass": true,
                  "fail": false,
                  "pending": false,
                  "context": null,
                  "code": "agent.get('/api/skus')\n.then(function (res) {\n    res.should.have.status(expCode);\n    res.body.should.be.a('array');\n    res.body.length.should.be.eql(size);\n    let id = [];\n    if (size > 0) {\n        for (let i = 0; i < size; i++) {\n            id[i] = res.body[i].id;\n            res.body[i].description.should.equal(sku[i].description);\n            res.body[i].weight.should.equal(sku[i].weight);\n            res.body[i].volume.should.equal(sku[i].volume);\n            res.body[i].notes.should.equal(sku[i].notes);\n            res.body[i].availableQuantity.should.equal(sku[i].availableQuantity);\n            res.body[i].price.should.equal(sku[i].price);\n        }\n        ids.setIdSku(id);\n    }             \n    done();\n}).catch(err=>done(err));",
                  "err": {},
                  "uuid": "cd967a24-503b-4b26-a9ad-a4acea292384",
                  "parentUUID": "1749d56b-0642-4f71-b811-5acf4ed91d36",
                  "isHook": false,
                  "skipped": false
                }
              ],
              "suites": [],
              "passes": [
                "cd967a24-503b-4b26-a9ad-a4acea292384"
              ],
              "failures": [],
              "pending": [],
              "skipped": [],
              "duration": 8,
              "root": false,
              "rootEmpty": false,
              "_timeout": 30000
            },
            {
              "uuid": "946be89e-c49c-42ff-8401-52a54bbe7e67",
              "title": "post /api/item/",
              "fullFile": "/Users/alessandrogelsi/Desktop/EzWarehouseDev/EzWh/code/server/acceptanceTest/testEzWhAPI.js",
              "file": "/acceptanceTest/testEzWhAPI.js",
              "beforeHooks": [],
              "afterHooks": [],
              "tests": [
                {
                  "title": "Adding item details",
                  "fullTitle": "Test CR1 Item post /api/item/ Adding item details",
                  "timedOut": false,
                  "duration": 11,
                  "state": "passed",
                  "speed": "fast",
                  "pass": true,
                  "fail": false,
                  "pending": false,
                  "context": null,
                  "code": "let idskus = ids.getIdSku();\nlet idsupp = ids.getIdSuppliers();\nlet currskuid;\nif(myitem.SKUId === null || myitem.SKUId > idskus.length){\n    currskuid = myitem.SKUId;\n}\nelse{\n    currskuid = idskus[myitem.SKUId]\n}\nlet currentItem = newItem(myitem.id, myitem.description, myitem.price, currskuid, idsupp[myitem.supplierId]);\nagent.post('/api/item')\n.send(currentItem)\n.then(res => {\n    //console.log(res);\n    assert.equal(res.status, expCode);\n    done();\n}).catch(err => done(err));",
                  "err": {},
                  "uuid": "b5ff3522-b06d-45b1-b768-d713bf4741e6",
                  "parentUUID": "946be89e-c49c-42ff-8401-52a54bbe7e67",
                  "isHook": false,
                  "skipped": false
                }
              ],
              "suites": [],
              "passes": [
                "b5ff3522-b06d-45b1-b768-d713bf4741e6"
              ],
              "failures": [],
              "pending": [],
              "skipped": [],
              "duration": 11,
              "root": false,
              "rootEmpty": false,
              "_timeout": 30000
            },
            {
              "uuid": "5262103c-0cf6-4adc-8b93-c7db4931a447",
              "title": "post /api/item/",
              "fullFile": "/Users/alessandrogelsi/Desktop/EzWarehouseDev/EzWh/code/server/acceptanceTest/testEzWhAPI.js",
              "file": "/acceptanceTest/testEzWhAPI.js",
              "beforeHooks": [],
              "afterHooks": [],
              "tests": [
                {
                  "title": "Adding item details",
                  "fullTitle": "Test CR1 Item post /api/item/ Adding item details",
                  "timedOut": false,
                  "duration": 8,
                  "state": "passed",
                  "speed": "fast",
                  "pass": true,
                  "fail": false,
                  "pending": false,
                  "context": null,
                  "code": "let idskus = ids.getIdSku();\nlet idsupp = ids.getIdSuppliers();\nlet currskuid;\nif(myitem.SKUId === null || myitem.SKUId > idskus.length){\n    currskuid = myitem.SKUId;\n}\nelse{\n    currskuid = idskus[myitem.SKUId]\n}\nlet currentItem = newItem(myitem.id, myitem.description, myitem.price, currskuid, idsupp[myitem.supplierId]);\nagent.post('/api/item')\n.send(currentItem)\n.then(res => {\n    //console.log(res);\n    assert.equal(res.status, expCode);\n    done();\n}).catch(err => done(err));",
                  "err": {},
                  "uuid": "2e4cfdbb-d7ba-41a2-8644-8882d79b1a77",
                  "parentUUID": "5262103c-0cf6-4adc-8b93-c7db4931a447",
                  "isHook": false,
                  "skipped": false
                }
              ],
              "suites": [],
              "passes": [
                "2e4cfdbb-d7ba-41a2-8644-8882d79b1a77"
              ],
              "failures": [],
              "pending": [],
              "skipped": [],
              "duration": 8,
              "root": false,
              "rootEmpty": false,
              "_timeout": 30000
            },
            {
              "uuid": "7ae1d0f3-878a-49ac-890d-4a4166db61be",
              "title": "Get all items",
              "fullFile": "/Users/alessandrogelsi/Desktop/EzWarehouseDev/EzWh/code/server/acceptanceTest/testEzWhAPI.js",
              "file": "/acceptanceTest/testEzWhAPI.js",
              "beforeHooks": [],
              "afterHooks": [],
              "tests": [
                {
                  "title": "get /api/items/",
                  "fullTitle": "Test CR1 Item Get all items get /api/items/",
                  "timedOut": false,
                  "duration": 10,
                  "state": "passed",
                  "speed": "fast",
                  "pass": true,
                  "fail": false,
                  "pending": false,
                  "context": null,
                  "code": "agent.get('/api/items')\n.then(function(res){\n    console.log(res.body);\n    res.should.have.status(expCode);\n    res.body.should.be.a('array');\n    res.body.length.should.be.equal(size);\n    done();\n}).catch(err => done(err));",
                  "err": {},
                  "uuid": "8e875920-481e-468b-b489-80b62acc7bb2",
                  "parentUUID": "7ae1d0f3-878a-49ac-890d-4a4166db61be",
                  "isHook": false,
                  "skipped": false
                }
              ],
              "suites": [],
              "passes": [
                "8e875920-481e-468b-b489-80b62acc7bb2"
              ],
              "failures": [],
              "pending": [],
              "skipped": [],
              "duration": 10,
              "root": false,
              "rootEmpty": false,
              "_timeout": 30000
            },
            {
              "uuid": "549f0481-905b-4b02-bcc2-260005937dc3",
              "title": "get /api/items/:id",
              "fullFile": "/Users/alessandrogelsi/Desktop/EzWarehouseDev/EzWh/code/server/acceptanceTest/testEzWhAPI.js",
              "file": "/acceptanceTest/testEzWhAPI.js",
              "beforeHooks": [],
              "afterHooks": [],
              "tests": [
                {
                  "title": "Gettim item details",
                  "fullTitle": "Test CR1 Item get /api/items/:id Gettim item details",
                  "timedOut": false,
                  "duration": 3,
                  "state": "passed",
                  "speed": "fast",
                  "pass": true,
                  "fail": false,
                  "pending": false,
                  "context": null,
                  "code": "let idsupp = ids.getIdSuppliers();\nagent.get('/api/items/'+itemid+'/'+idsupp[myexpitem.supplierId])\n.then(r => {\n    let idskus = ids.getIdSku();\n    assert.equal(r.status, expCode);\n    if (r.status == 200) {\n        r.body.should.be.a('object');\n        r.body.id.should.equal(itemid);\n        r.body.description.should.equal(myexpitem.description);\n        r.body.price.should.equal(myexpitem.price);\n        r.body.SKUId.should.equal(idskus[myexpitem.SKUId]);\n        r.body.supplierId.should.equal(idsupp[myexpitem.supplierId]);\n    }\n    done();\n}).catch(err => done(err));",
                  "err": {},
                  "uuid": "728deb67-f563-4209-b4ca-367409ce5ac5",
                  "parentUUID": "549f0481-905b-4b02-bcc2-260005937dc3",
                  "isHook": false,
                  "skipped": false
                }
              ],
              "suites": [],
              "passes": [
                "728deb67-f563-4209-b4ca-367409ce5ac5"
              ],
              "failures": [],
              "pending": [],
              "skipped": [],
              "duration": 3,
              "root": false,
              "rootEmpty": false,
              "_timeout": 30000
            },
            {
              "uuid": "0785aaaa-0308-4301-b61d-6683d2fcdcda",
              "title": "get /api/items/:id",
              "fullFile": "/Users/alessandrogelsi/Desktop/EzWarehouseDev/EzWh/code/server/acceptanceTest/testEzWhAPI.js",
              "file": "/acceptanceTest/testEzWhAPI.js",
              "beforeHooks": [],
              "afterHooks": [],
              "tests": [
                {
                  "title": "Gettim item details",
                  "fullTitle": "Test CR1 Item get /api/items/:id Gettim item details",
                  "timedOut": false,
                  "duration": 4,
                  "state": "passed",
                  "speed": "fast",
                  "pass": true,
                  "fail": false,
                  "pending": false,
                  "context": null,
                  "code": "let idsupp = ids.getIdSuppliers();\nagent.get('/api/items/'+wrongid+'/'+idsupp[myexpitem.supplierId])\n.then(r => {\n    assert.equal(r.status, expCode);\n    done();\n}).catch(err => done(err));",
                  "err": {},
                  "uuid": "bbdff4c4-0523-44b7-88b6-b1d549e770d3",
                  "parentUUID": "0785aaaa-0308-4301-b61d-6683d2fcdcda",
                  "isHook": false,
                  "skipped": false
                }
              ],
              "suites": [],
              "passes": [
                "bbdff4c4-0523-44b7-88b6-b1d549e770d3"
              ],
              "failures": [],
              "pending": [],
              "skipped": [],
              "duration": 4,
              "root": false,
              "rootEmpty": false,
              "_timeout": 30000
            },
            {
              "uuid": "e5f24408-5721-4d23-87cb-a22c8d28ac57",
              "title": " put /api/item/:id",
              "fullFile": "/Users/alessandrogelsi/Desktop/EzWarehouseDev/EzWh/code/server/acceptanceTest/testEzWhAPI.js",
              "file": "/acceptanceTest/testEzWhAPI.js",
              "beforeHooks": [],
              "afterHooks": [],
              "tests": [
                {
                  "title": "Modify an item given its ID and new fields",
                  "fullTitle": "Test CR1 Item  put /api/item/:id Modify an item given its ID and new fields",
                  "timedOut": false,
                  "duration": 14,
                  "state": "passed",
                  "speed": "fast",
                  "pass": true,
                  "fail": false,
                  "pending": false,
                  "context": null,
                  "code": "let idsupp = ids.getIdSuppliers();\nagent.put('/api/item/'+myedititem.id+'/'+idsupp[myedititem.supplierId])\n.send(updateItem(myedititem.description, myedititem.price))\n.then(res => {\n    if(expCode != 404){\n        let idsku = ids.getIdSku();\n        assert.equal(res.status, expCode);\n        agent.get('/api/items/'+myedititem.id+'/'+idsupp[myedititem.supplierId])\n        .then (r => {\n            console.log(r.body);\n            assert.equal(r.status,200);\n            r.body.should.be.a('object');\n            r.body.id.should.equal(myedititem.id);\n            r.body.description.should.equal(myedititem.description);\n            r.body.price.should.equal(myedititem.price);\n            r.body.SKUId.should.equal(idsku[myedititem.SKUId]);\n            r.body.supplierId.should.equal(idsupp[myexpitem.supplierId]);\n        });\n    }\n    else{\n        res.should.have.status(expCode);\n    }\n    done();\n}).catch(err=>done(err));",
                  "err": {},
                  "uuid": "3cad9224-1d29-419d-965c-0f6fe2f786a3",
                  "parentUUID": "e5f24408-5721-4d23-87cb-a22c8d28ac57",
                  "isHook": false,
                  "skipped": false
                }
              ],
              "suites": [],
              "passes": [
                "3cad9224-1d29-419d-965c-0f6fe2f786a3"
              ],
              "failures": [],
              "pending": [],
              "skipped": [],
              "duration": 14,
              "root": false,
              "rootEmpty": false,
              "_timeout": 30000
            },
            {
              "uuid": "9df4ceae-2ce3-4209-a4cd-4742fa3b60e2",
              "title": " put /api/item/:id",
              "fullFile": "/Users/alessandrogelsi/Desktop/EzWarehouseDev/EzWh/code/server/acceptanceTest/testEzWhAPI.js",
              "file": "/acceptanceTest/testEzWhAPI.js",
              "beforeHooks": [],
              "afterHooks": [],
              "tests": [
                {
                  "title": "Modify an item given its ID and new fields",
                  "fullTitle": "Test CR1 Item  put /api/item/:id Modify an item given its ID and new fields",
                  "timedOut": false,
                  "duration": 18,
                  "state": "passed",
                  "speed": "fast",
                  "pass": true,
                  "fail": false,
                  "pending": false,
                  "context": null,
                  "code": "let idsupp = ids.getIdSuppliers();\nagent.put('/api/item/'+myedititem.id+'/'+idsupp[myedititem.supplierId])\n.send(updateItem(myedititem.description, myedititem.price))\n.then(res => {\n    if(expCode != 404){\n        let idsku = ids.getIdSku();\n        assert.equal(res.status, expCode);\n        agent.get('/api/items/'+myedititem.id+'/'+idsupp[myedititem.supplierId])\n        .then (r => {\n            console.log(r.body);\n            assert.equal(r.status,200);\n            r.body.should.be.a('object');\n            r.body.id.should.equal(myedititem.id);\n            r.body.description.should.equal(myedititem.description);\n            r.body.price.should.equal(myedititem.price);\n            r.body.SKUId.should.equal(idsku[myedititem.SKUId]);\n            r.body.supplierId.should.equal(idsupp[myexpitem.supplierId]);\n        });\n    }\n    else{\n        res.should.have.status(expCode);\n    }\n    done();\n}).catch(err=>done(err));",
                  "err": {},
                  "uuid": "61a5c17b-3950-4bb1-83ac-815a1fe7dcc0",
                  "parentUUID": "9df4ceae-2ce3-4209-a4cd-4742fa3b60e2",
                  "isHook": false,
                  "skipped": false
                }
              ],
              "suites": [],
              "passes": [
                "61a5c17b-3950-4bb1-83ac-815a1fe7dcc0"
              ],
              "failures": [],
              "pending": [],
              "skipped": [],
              "duration": 18,
              "root": false,
              "rootEmpty": false,
              "_timeout": 30000
            },
            {
              "uuid": "b5ddb510-69c4-4358-87c4-d7942943f8ab",
              "title": " delete /api/items/:id",
              "fullFile": "/Users/alessandrogelsi/Desktop/EzWarehouseDev/EzWh/code/server/acceptanceTest/testEzWhAPI.js",
              "file": "/acceptanceTest/testEzWhAPI.js",
              "beforeHooks": [],
              "afterHooks": [],
              "tests": [
                {
                  "title": "Delete an item given its id",
                  "fullTitle": "Test CR1 Item  delete /api/items/:id Delete an item given its id",
                  "timedOut": false,
                  "duration": 23,
                  "state": "passed",
                  "speed": "fast",
                  "pass": true,
                  "fail": false,
                  "pending": false,
                  "context": null,
                  "code": "let idsupp = ids.getIdSuppliers();\nagent.delete('/api/items/'+myitem.id+'/'+idsupp[myitem.supplierId])\n.then(function(res){\n    res.should.have.status(expCode);\n    done();\n}).catch(err => done(err));",
                  "err": {},
                  "uuid": "84809b38-8f8a-4951-b32e-a418ed9b9732",
                  "parentUUID": "b5ddb510-69c4-4358-87c4-d7942943f8ab",
                  "isHook": false,
                  "skipped": false
                }
              ],
              "suites": [],
              "passes": [
                "84809b38-8f8a-4951-b32e-a418ed9b9732"
              ],
              "failures": [],
              "pending": [],
              "skipped": [],
              "duration": 23,
              "root": false,
              "rootEmpty": false,
              "_timeout": 30000
            },
            {
              "uuid": "c78b0b4f-11eb-4177-bda3-de06f7d4d6db",
              "title": "Removing all Items",
              "fullFile": "/Users/alessandrogelsi/Desktop/EzWarehouseDev/EzWh/code/server/acceptanceTest/testEzWhAPI.js",
              "file": "/acceptanceTest/testEzWhAPI.js",
              "beforeHooks": [],
              "afterHooks": [],
              "tests": [
                {
                  "title": "get /api/items/",
                  "fullTitle": "Test CR1 Item Removing all Items get /api/items/",
                  "timedOut": false,
                  "duration": 3,
                  "state": "passed",
                  "speed": "fast",
                  "pass": true,
                  "fail": false,
                  "pending": false,
                  "context": null,
                  "code": "const res = await agent.get('/api/items');\nconsole.log(res.body);\nres.should.have.status(200);\nif(res.body.length !==0) {\n    let res2;\n    for (let i = 0; i< res.body.length; i++){\n        res2 = await\n        agent.delete('/api/items/'+res.body[i].id+'/'+res.body[i].supplierId);\n        res2.should.have.status(204);\n        console.log(\"Deleted \" + res.body[i].id + \" by supplier \"+ res.body[i].supplierId);\n    }\n}",
                  "err": {},
                  "uuid": "40eacc9d-1e1d-4e11-bc33-d6d8b32a7a2c",
                  "parentUUID": "c78b0b4f-11eb-4177-bda3-de06f7d4d6db",
                  "isHook": false,
                  "skipped": false
                }
              ],
              "suites": [],
              "passes": [
                "40eacc9d-1e1d-4e11-bc33-d6d8b32a7a2c"
              ],
              "failures": [],
              "pending": [],
              "skipped": [],
              "duration": 3,
              "root": false,
              "rootEmpty": false,
              "_timeout": 30000
            },
            {
              "uuid": "b9fe951d-e6f1-459d-a6ba-16786fae08f8",
              "title": "removing all skuitems",
              "fullFile": "/Users/alessandrogelsi/Desktop/EzWarehouseDev/EzWh/code/server/acceptanceTest/testEzWhAPI.js",
              "file": "/acceptanceTest/testEzWhAPI.js",
              "beforeHooks": [],
              "afterHooks": [],
              "tests": [
                {
                  "title": "Getting SKUitems",
                  "fullTitle": "Test CR1 Item removing all skuitems Getting SKUitems",
                  "timedOut": false,
                  "duration": 2,
                  "state": "passed",
                  "speed": "fast",
                  "pass": true,
                  "fail": false,
                  "pending": false,
                  "context": null,
                  "code": "const res = await agent.get('/api/skuitems');\nconsole.log(res.body);\nres.should.have.status(200);\nif (res.body.length !==0) {\n    let res2;\n    for (let i = 0; i < res.body.length; i++) {\n        res2 = await\n        agent.delete('/api/skuitems/'+res.body[i].RFID);\n        res2.should.have.status(204);\n        console.log(\"Deleted \"+ res.body[i].RFID);\n    }\n}\nconsole.log(\"done!\");",
                  "err": {},
                  "uuid": "935dff7c-7b36-415b-8cd6-f4b7375117c9",
                  "parentUUID": "b9fe951d-e6f1-459d-a6ba-16786fae08f8",
                  "isHook": false,
                  "skipped": false
                }
              ],
              "suites": [],
              "passes": [
                "935dff7c-7b36-415b-8cd6-f4b7375117c9"
              ],
              "failures": [],
              "pending": [],
              "skipped": [],
              "duration": 2,
              "root": false,
              "rootEmpty": false,
              "_timeout": 30000
            },
            {
              "uuid": "e9c198a9-0f50-4e3d-8a28-fb654babf7e1",
              "title": "removing all skus",
              "fullFile": "/Users/alessandrogelsi/Desktop/EzWarehouseDev/EzWh/code/server/acceptanceTest/testEzWhAPI.js",
              "file": "/acceptanceTest/testEzWhAPI.js",
              "beforeHooks": [],
              "afterHooks": [],
              "tests": [
                {
                  "title": "Getting SKUs",
                  "fullTitle": "Test CR1 Item removing all skus Getting SKUs",
                  "timedOut": false,
                  "duration": 17,
                  "state": "passed",
                  "speed": "fast",
                  "pass": true,
                  "fail": false,
                  "pending": false,
                  "context": null,
                  "code": "const res = await agent.get('/api/skus');\nconsole.log(res.body);\nres.should.have.status(200);\nif (res.body.length !==0) {\n    let res2;\n    for (let i = 0; i < res.body.length; i++) {\n        res2 = await\n        agent.delete('/api/skus/'+res.body[i].id);\n        res2.should.have.status(204);\n        console.log(\"Deleted \"+ res.body[i].id);\n    }\n} \nconsole.log(\"done!\");",
                  "err": {},
                  "uuid": "5dae4818-ddba-41f0-83fb-ea2a97ee1c93",
                  "parentUUID": "e9c198a9-0f50-4e3d-8a28-fb654babf7e1",
                  "isHook": false,
                  "skipped": false
                }
              ],
              "suites": [],
              "passes": [
                "5dae4818-ddba-41f0-83fb-ea2a97ee1c93"
              ],
              "failures": [],
              "pending": [],
              "skipped": [],
              "duration": 17,
              "root": false,
              "rootEmpty": false,
              "_timeout": 30000
            }
          ],
          "passes": [],
          "failures": [],
          "pending": [],
          "skipped": [],
          "duration": 0,
          "root": false,
          "rootEmpty": false,
          "_timeout": 30000
        },
        {
          "uuid": "093bc370-5ba5-4f5e-9ea0-67b71d4136b8",
          "title": "Test CR1 RestockOrder",
          "fullFile": "/Users/alessandrogelsi/Desktop/EzWarehouseDev/EzWh/code/server/acceptanceTest/testEzWhAPI.js",
          "file": "/acceptanceTest/testEzWhAPI.js",
          "beforeHooks": [],
          "afterHooks": [],
          "tests": [],
          "suites": [
            {
              "uuid": "4cc4fab6-a0e8-42f2-bcb3-ae95c839f7aa",
              "title": "Removing all Restock orders",
              "fullFile": "/Users/alessandrogelsi/Desktop/EzWarehouseDev/EzWh/code/server/acceptanceTest/testEzWhAPI.js",
              "file": "/acceptanceTest/testEzWhAPI.js",
              "beforeHooks": [],
              "afterHooks": [],
              "tests": [
                {
                  "title": "Getting and removing",
                  "fullTitle": "Test CR1 RestockOrder Removing all Restock orders Getting and removing",
                  "timedOut": false,
                  "duration": 28,
                  "state": "passed",
                  "speed": "fast",
                  "pass": true,
                  "fail": false,
                  "pending": false,
                  "context": null,
                  "code": "const res = await agent.get('/api/restockOrders');\nconsole.log(res.body);\nres.should.have.status(200);\nif(res.body.length !==0){\n    let res2;\n    for( let i=0; i< res.body.length; i++){\n        res2 = await\n        agent.delete('/api/restockOrder/'+res.body[i].id);\n        res2.should.have.status(204);\n        console.log(\"Deleted \"+ res.body[i].id);\n    }\n}\nconsole.log(\"done!\");",
                  "err": {},
                  "uuid": "3efb5ae6-313e-432e-9701-bad1f541b7f2",
                  "parentUUID": "4cc4fab6-a0e8-42f2-bcb3-ae95c839f7aa",
                  "isHook": false,
                  "skipped": false
                }
              ],
              "suites": [],
              "passes": [
                "3efb5ae6-313e-432e-9701-bad1f541b7f2"
              ],
              "failures": [],
              "pending": [],
              "skipped": [],
              "duration": 28,
              "root": false,
              "rootEmpty": false,
              "_timeout": 30000
            },
            {
              "uuid": "a3d11a44-5c85-4460-93cd-f6b7e008bddc",
              "title": " get /api/restockOrders",
              "fullFile": "/Users/alessandrogelsi/Desktop/EzWarehouseDev/EzWh/code/server/acceptanceTest/testEzWhAPI.js",
              "file": "/acceptanceTest/testEzWhAPI.js",
              "beforeHooks": [],
              "afterHooks": [],
              "tests": [
                {
                  "title": " get all restock orders",
                  "fullTitle": "Test CR1 RestockOrder  get /api/restockOrders  get all restock orders",
                  "timedOut": false,
                  "duration": 3,
                  "state": "passed",
                  "speed": "fast",
                  "pass": true,
                  "fail": false,
                  "pending": false,
                  "context": null,
                  "code": "agent.get('/api/restockOrders')\n.then(function(res){\n    res.should.have.status(expCode);\n    res.body.should.be.a('array');\n    let idsupp = ids.getIdSuppliers();\n    let idskus  = ids.getIdSku();\n    let idrestord = [];\n    res.body.length.should.be.eql(myrestocks.length);\n    for(let i = 0; i<res.body.length; i++){\n        idrestord[i] = res.body[i].id;\n        res.body[i].issueDate.should.equal(myrestocks[i].issueDate);\n        res.body[i].supplierId.should.equal(idsupp[myrestocks[i].supplierId]);\n        for(let j = 0; j<res.body[i].products.length; j++){\n            res.body[i].products[j].SKUId.should.equal(idskus[myrestocks[i].products[j].SKUId]);\n            res.body[i].products[j].itemId.should.equal(myrestocks[i].products[j].itemId);\n            res.body[i].products[j].description.should.equal(myrestocks[i].products[j].description);\n            res.body[i].products[j].price.should.equal(myrestocks[i].products[j].price);\n            res.body[i].products[j].qty.should.equal(myrestocks[i].products[j].qty);\n        }\n    }\n    ids.setIdRestockOrders(idrestord);\n    done();\n}).catch(err=>done(err));",
                  "err": {},
                  "uuid": "2edadbfd-401b-4a7d-a92d-a44575692018",
                  "parentUUID": "a3d11a44-5c85-4460-93cd-f6b7e008bddc",
                  "isHook": false,
                  "skipped": false
                }
              ],
              "suites": [],
              "passes": [
                "2edadbfd-401b-4a7d-a92d-a44575692018"
              ],
              "failures": [],
              "pending": [],
              "skipped": [],
              "duration": 3,
              "root": false,
              "rootEmpty": false,
              "_timeout": 30000
            },
            {
              "uuid": "605d9293-d541-41d9-9b37-1034ffaf01dc",
              "title": "removing all skuitems",
              "fullFile": "/Users/alessandrogelsi/Desktop/EzWarehouseDev/EzWh/code/server/acceptanceTest/testEzWhAPI.js",
              "file": "/acceptanceTest/testEzWhAPI.js",
              "beforeHooks": [],
              "afterHooks": [],
              "tests": [
                {
                  "title": "Getting SKUitems",
                  "fullTitle": "Test CR1 RestockOrder removing all skuitems Getting SKUitems",
                  "timedOut": false,
                  "duration": 5,
                  "state": "passed",
                  "speed": "fast",
                  "pass": true,
                  "fail": false,
                  "pending": false,
                  "context": null,
                  "code": "const res = await agent.get('/api/skuitems');\nconsole.log(res.body);\nres.should.have.status(200);\nif (res.body.length !==0) {\n    let res2;\n    for (let i = 0; i < res.body.length; i++) {\n        res2 = await\n        agent.delete('/api/skuitems/'+res.body[i].RFID);\n        res2.should.have.status(204);\n        console.log(\"Deleted \"+ res.body[i].RFID);\n    }\n}\nconsole.log(\"done!\");",
                  "err": {},
                  "uuid": "32b254e1-0749-402a-914a-9dbc9ae39302",
                  "parentUUID": "605d9293-d541-41d9-9b37-1034ffaf01dc",
                  "isHook": false,
                  "skipped": false
                }
              ],
              "suites": [],
              "passes": [
                "32b254e1-0749-402a-914a-9dbc9ae39302"
              ],
              "failures": [],
              "pending": [],
              "skipped": [],
              "duration": 5,
              "root": false,
              "rootEmpty": false,
              "_timeout": 30000
            },
            {
              "uuid": "1bd94b36-5f4e-49fa-9621-a949199e88b0",
              "title": "get /api/skuitems",
              "fullFile": "/Users/alessandrogelsi/Desktop/EzWarehouseDev/EzWh/code/server/acceptanceTest/testEzWhAPI.js",
              "file": "/acceptanceTest/testEzWhAPI.js",
              "beforeHooks": [],
              "afterHooks": [],
              "tests": [
                {
                  "title": "Getting SKUitems",
                  "fullTitle": "Test CR1 RestockOrder get /api/skuitems Getting SKUitems",
                  "timedOut": false,
                  "duration": 5,
                  "state": "passed",
                  "speed": "fast",
                  "pass": true,
                  "fail": false,
                  "pending": false,
                  "context": null,
                  "code": "agent.get('/api/skuitems')\n.then(function (res) {\n    console.log(res.body[0]);\n    res.should.have.status(expCode);\n    res.body.should.be.a('array');\n    res.body.length.should.be.equal(size);\n    let idSKUs = ids.getIdSku();\n    for (let i = 0; i < size; i++) {\n        res.body[i].RFID.should.equal(skuitems[i].RFID);\n        res.body[i].SKUId.should.equal(idSKUs[skuitems[i].SKUId]);\n        res.body[i].DateOfStock.should.equal(skuitems[i].DateOfStock);\n        if(skuitems[i].Available !== undefined){\n            res.body[i].Available.should.equal(skuitems[i].Available);\n            //console.log('null');\n        }\n    }\n    \n    done();                \n}).catch(err=>done(err));",
                  "err": {},
                  "uuid": "ce63fd8a-cba4-44b7-86de-270ca1498f17",
                  "parentUUID": "1bd94b36-5f4e-49fa-9621-a949199e88b0",
                  "isHook": false,
                  "skipped": false
                }
              ],
              "suites": [],
              "passes": [
                "ce63fd8a-cba4-44b7-86de-270ca1498f17"
              ],
              "failures": [],
              "pending": [],
              "skipped": [],
              "duration": 5,
              "root": false,
              "rootEmpty": false,
              "_timeout": 30000
            },
            {
              "uuid": "cd98a790-4590-4ee8-8d1d-a123f348df26",
              "title": "removing all skus",
              "fullFile": "/Users/alessandrogelsi/Desktop/EzWarehouseDev/EzWh/code/server/acceptanceTest/testEzWhAPI.js",
              "file": "/acceptanceTest/testEzWhAPI.js",
              "beforeHooks": [],
              "afterHooks": [],
              "tests": [
                {
                  "title": "Getting SKUs",
                  "fullTitle": "Test CR1 RestockOrder removing all skus Getting SKUs",
                  "timedOut": false,
                  "duration": 8,
                  "state": "passed",
                  "speed": "fast",
                  "pass": true,
                  "fail": false,
                  "pending": false,
                  "context": null,
                  "code": "const res = await agent.get('/api/skus');\nconsole.log(res.body);\nres.should.have.status(200);\nif (res.body.length !==0) {\n    let res2;\n    for (let i = 0; i < res.body.length; i++) {\n        res2 = await\n        agent.delete('/api/skus/'+res.body[i].id);\n        res2.should.have.status(204);\n        console.log(\"Deleted \"+ res.body[i].id);\n    }\n} \nconsole.log(\"done!\");",
                  "err": {},
                  "uuid": "18ba1530-2908-4889-8ff5-812339983ee1",
                  "parentUUID": "cd98a790-4590-4ee8-8d1d-a123f348df26",
                  "isHook": false,
                  "skipped": false
                }
              ],
              "suites": [],
              "passes": [
                "18ba1530-2908-4889-8ff5-812339983ee1"
              ],
              "failures": [],
              "pending": [],
              "skipped": [],
              "duration": 8,
              "root": false,
              "rootEmpty": false,
              "_timeout": 30000
            },
            {
              "uuid": "a539c94d-6878-465f-bbea-9ac68d57ee40",
              "title": "get /api/skus",
              "fullFile": "/Users/alessandrogelsi/Desktop/EzWarehouseDev/EzWh/code/server/acceptanceTest/testEzWhAPI.js",
              "file": "/acceptanceTest/testEzWhAPI.js",
              "beforeHooks": [],
              "afterHooks": [],
              "tests": [
                {
                  "title": "FR 2.3 -> List all SKUs",
                  "fullTitle": "Test CR1 RestockOrder get /api/skus FR 2.3 -> List all SKUs",
                  "timedOut": false,
                  "duration": 3,
                  "state": "passed",
                  "speed": "fast",
                  "pass": true,
                  "fail": false,
                  "pending": false,
                  "context": null,
                  "code": "agent.get('/api/skus')\n.then(function (res) {\n    res.should.have.status(expCode);\n    res.body.should.be.a('array');\n    res.body.length.should.be.eql(size);\n    let id = [];\n    if (size > 0) {\n        for (let i = 0; i < size; i++) {\n            id[i] = res.body[i].id;\n            res.body[i].description.should.equal(sku[i].description);\n            res.body[i].weight.should.equal(sku[i].weight);\n            res.body[i].volume.should.equal(sku[i].volume);\n            res.body[i].notes.should.equal(sku[i].notes);\n            res.body[i].availableQuantity.should.equal(sku[i].availableQuantity);\n            res.body[i].price.should.equal(sku[i].price);\n        }\n        ids.setIdSku(id);\n    }             \n    done();\n}).catch(err=>done(err));",
                  "err": {},
                  "uuid": "2b1b97e2-691d-482f-a44c-ed2131c123b9",
                  "parentUUID": "a539c94d-6878-465f-bbea-9ac68d57ee40",
                  "isHook": false,
                  "skipped": false
                }
              ],
              "suites": [],
              "passes": [
                "2b1b97e2-691d-482f-a44c-ed2131c123b9"
              ],
              "failures": [],
              "pending": [],
              "skipped": [],
              "duration": 3,
              "root": false,
              "rootEmpty": false,
              "_timeout": 30000
            },
            {
              "uuid": "28424fb7-9735-4489-96cf-6cea30ea5f3c",
              "title": " Delete all not manager",
              "fullFile": "/Users/alessandrogelsi/Desktop/EzWarehouseDev/EzWh/code/server/acceptanceTest/testEzWhAPI.js",
              "file": "/acceptanceTest/testEzWhAPI.js",
              "beforeHooks": [],
              "afterHooks": [],
              "tests": [
                {
                  "title": "Cleaning db user util",
                  "fullTitle": "Test CR1 RestockOrder  Delete all not manager Cleaning db user util",
                  "timedOut": false,
                  "duration": 138,
                  "state": "passed",
                  "speed": "slow",
                  "pass": true,
                  "fail": false,
                  "pending": false,
                  "context": null,
                  "code": "const res = await agent.get('/api/users');\nconsole.log(res.body);\nres.should.have.status(200);\nif (res.body.length !==0) {\n    let res2;\n    for(let i=0; i<res.body.length; i++){\n        console.log(res.body[i].email);\n        res2 = await\n        agent.delete('/api/users/'+res.body[i].email+'/'+res.body[i].type);\n        console.log(res2.body);\n        res2.should.have.status(204);\n        console.log(\"Deleted \"+ res.body[i].email);                    \n    }                \n}\nconsole.log(\"done!\");",
                  "err": {},
                  "uuid": "29789942-908e-49d4-8637-b22e80c1af86",
                  "parentUUID": "28424fb7-9735-4489-96cf-6cea30ea5f3c",
                  "isHook": false,
                  "skipped": false
                }
              ],
              "suites": [],
              "passes": [
                "29789942-908e-49d4-8637-b22e80c1af86"
              ],
              "failures": [],
              "pending": [],
              "skipped": [],
              "duration": 138,
              "root": false,
              "rootEmpty": false,
              "_timeout": 30000
            },
            {
              "uuid": "857342ca-3201-4e2f-a168-b4bf5f8c9577",
              "title": "post /api/sku/",
              "fullFile": "/Users/alessandrogelsi/Desktop/EzWarehouseDev/EzWh/code/server/acceptanceTest/testEzWhAPI.js",
              "file": "/acceptanceTest/testEzWhAPI.js",
              "beforeHooks": [],
              "afterHooks": [],
              "tests": [
                {
                  "title": "FR 2.1 a -> Define a new SKU",
                  "fullTitle": "Test CR1 RestockOrder post /api/sku/ FR 2.1 a -> Define a new SKU",
                  "timedOut": false,
                  "duration": 8,
                  "state": "passed",
                  "speed": "fast",
                  "pass": true,
                  "fail": false,
                  "pending": false,
                  "context": null,
                  "code": "agent.post('/api/sku/')\n.send(thesku)\n.then(function (res) {\n    res.should.have.status(expCode);\n    done();\n}).catch(err=>done(err));",
                  "err": {},
                  "uuid": "9f2fa9e1-553f-4a36-ae10-37eec799ed52",
                  "parentUUID": "857342ca-3201-4e2f-a168-b4bf5f8c9577",
                  "isHook": false,
                  "skipped": false
                }
              ],
              "suites": [],
              "passes": [
                "9f2fa9e1-553f-4a36-ae10-37eec799ed52"
              ],
              "failures": [],
              "pending": [],
              "skipped": [],
              "duration": 8,
              "root": false,
              "rootEmpty": false,
              "_timeout": 30000
            },
            {
              "uuid": "43ed2aa5-e253-4f55-9afb-92230f40642e",
              "title": "post /api/sku/",
              "fullFile": "/Users/alessandrogelsi/Desktop/EzWarehouseDev/EzWh/code/server/acceptanceTest/testEzWhAPI.js",
              "file": "/acceptanceTest/testEzWhAPI.js",
              "beforeHooks": [],
              "afterHooks": [],
              "tests": [
                {
                  "title": "FR 2.1 a -> Define a new SKU",
                  "fullTitle": "Test CR1 RestockOrder post /api/sku/ FR 2.1 a -> Define a new SKU",
                  "timedOut": false,
                  "duration": 7,
                  "state": "passed",
                  "speed": "fast",
                  "pass": true,
                  "fail": false,
                  "pending": false,
                  "context": null,
                  "code": "agent.post('/api/sku/')\n.send(thesku)\n.then(function (res) {\n    res.should.have.status(expCode);\n    done();\n}).catch(err=>done(err));",
                  "err": {},
                  "uuid": "1fef0411-e599-4b26-a757-24d03aeda629",
                  "parentUUID": "43ed2aa5-e253-4f55-9afb-92230f40642e",
                  "isHook": false,
                  "skipped": false
                }
              ],
              "suites": [],
              "passes": [
                "1fef0411-e599-4b26-a757-24d03aeda629"
              ],
              "failures": [],
              "pending": [],
              "skipped": [],
              "duration": 7,
              "root": false,
              "rootEmpty": false,
              "_timeout": 30000
            },
            {
              "uuid": "32f7905b-3321-487c-bc0c-e284c9125681",
              "title": "get /api/skus",
              "fullFile": "/Users/alessandrogelsi/Desktop/EzWarehouseDev/EzWh/code/server/acceptanceTest/testEzWhAPI.js",
              "file": "/acceptanceTest/testEzWhAPI.js",
              "beforeHooks": [],
              "afterHooks": [],
              "tests": [
                {
                  "title": "FR 2.3 -> List all SKUs",
                  "fullTitle": "Test CR1 RestockOrder get /api/skus FR 2.3 -> List all SKUs",
                  "timedOut": false,
                  "duration": 6,
                  "state": "passed",
                  "speed": "fast",
                  "pass": true,
                  "fail": false,
                  "pending": false,
                  "context": null,
                  "code": "agent.get('/api/skus')\n.then(function (res) {\n    res.should.have.status(expCode);\n    res.body.should.be.a('array');\n    res.body.length.should.be.eql(size);\n    let id = [];\n    if (size > 0) {\n        for (let i = 0; i < size; i++) {\n            id[i] = res.body[i].id;\n            res.body[i].description.should.equal(sku[i].description);\n            res.body[i].weight.should.equal(sku[i].weight);\n            res.body[i].volume.should.equal(sku[i].volume);\n            res.body[i].notes.should.equal(sku[i].notes);\n            res.body[i].availableQuantity.should.equal(sku[i].availableQuantity);\n            res.body[i].price.should.equal(sku[i].price);\n        }\n        ids.setIdSku(id);\n    }             \n    done();\n}).catch(err=>done(err));",
                  "err": {},
                  "uuid": "fb34f89f-2c54-4d66-a2af-46279e627941",
                  "parentUUID": "32f7905b-3321-487c-bc0c-e284c9125681",
                  "isHook": false,
                  "skipped": false
                }
              ],
              "suites": [],
              "passes": [
                "fb34f89f-2c54-4d66-a2af-46279e627941"
              ],
              "failures": [],
              "pending": [],
              "skipped": [],
              "duration": 6,
              "root": false,
              "rootEmpty": false,
              "_timeout": 30000
            },
            {
              "uuid": "4dd3324c-b007-4f7a-9ab9-16d5dba21420",
              "title": " post /api/newUser",
              "fullFile": "/Users/alessandrogelsi/Desktop/EzWarehouseDev/EzWh/code/server/acceptanceTest/testEzWhAPI.js",
              "file": "/acceptanceTest/testEzWhAPI.js",
              "beforeHooks": [],
              "afterHooks": [],
              "tests": [
                {
                  "title": "FR 1.1 a -> Define a new user",
                  "fullTitle": "Test CR1 RestockOrder  post /api/newUser FR 1.1 a -> Define a new user",
                  "timedOut": false,
                  "duration": 371,
                  "state": "passed",
                  "speed": "slow",
                  "pass": true,
                  "fail": false,
                  "pending": false,
                  "context": null,
                  "code": "agent.post('/api/newUser')\n.send(myuser)\n.then(function(res){\n    res.should.have.status(expCode);\n    done();\n}).catch(err=>done(err));",
                  "err": {},
                  "uuid": "b5b687fb-ae59-438f-9fce-70945bd612aa",
                  "parentUUID": "4dd3324c-b007-4f7a-9ab9-16d5dba21420",
                  "isHook": false,
                  "skipped": false
                }
              ],
              "suites": [],
              "passes": [
                "b5b687fb-ae59-438f-9fce-70945bd612aa"
              ],
              "failures": [],
              "pending": [],
              "skipped": [],
              "duration": 371,
              "root": false,
              "rootEmpty": false,
              "_timeout": 30000
            },
            {
              "uuid": "48955bd4-63cb-41d3-86e1-2849c4b9fcd0",
              "title": " post /api/newUser",
              "fullFile": "/Users/alessandrogelsi/Desktop/EzWarehouseDev/EzWh/code/server/acceptanceTest/testEzWhAPI.js",
              "file": "/acceptanceTest/testEzWhAPI.js",
              "beforeHooks": [],
              "afterHooks": [],
              "tests": [
                {
                  "title": "FR 1.1 a -> Define a new user",
                  "fullTitle": "Test CR1 RestockOrder  post /api/newUser FR 1.1 a -> Define a new user",
                  "timedOut": false,
                  "duration": 318,
                  "state": "passed",
                  "speed": "slow",
                  "pass": true,
                  "fail": false,
                  "pending": false,
                  "context": null,
                  "code": "agent.post('/api/newUser')\n.send(myuser)\n.then(function(res){\n    res.should.have.status(expCode);\n    done();\n}).catch(err=>done(err));",
                  "err": {},
                  "uuid": "9fe1a271-c807-42c4-8f62-10e168a83a0a",
                  "parentUUID": "48955bd4-63cb-41d3-86e1-2849c4b9fcd0",
                  "isHook": false,
                  "skipped": false
                }
              ],
              "suites": [],
              "passes": [
                "9fe1a271-c807-42c4-8f62-10e168a83a0a"
              ],
              "failures": [],
              "pending": [],
              "skipped": [],
              "duration": 318,
              "root": false,
              "rootEmpty": false,
              "_timeout": 30000
            },
            {
              "uuid": "c751d1ff-1428-4354-8f5c-d42ba5ed3570",
              "title": "post /api/skuitem/",
              "fullFile": "/Users/alessandrogelsi/Desktop/EzWarehouseDev/EzWh/code/server/acceptanceTest/testEzWhAPI.js",
              "file": "/acceptanceTest/testEzWhAPI.js",
              "beforeHooks": [],
              "afterHooks": [],
              "tests": [
                {
                  "title": "Adding skuitem details",
                  "fullTitle": "Test CR1 RestockOrder post /api/skuitem/ Adding skuitem details",
                  "timedOut": false,
                  "duration": 18,
                  "state": "passed",
                  "speed": "fast",
                  "pass": true,
                  "fail": false,
                  "pending": false,
                  "context": null,
                  "code": "let id = ids.getIdSku();\nlet skuitem;\nif(myskuitem.SKUId > id.length || myskuitem.SKUId === null){\n    skuitem = newSkuItem(myskuitem.RFID, myskuitem.SKUId , myskuitem.DateOfStock); \n}\nelse{\n    skuitem = newSkuItem(myskuitem.RFID, id[myskuitem.SKUId] , myskuitem.DateOfStock);\n}\nagent.post('/api/skuitem/')\n.send(skuitem)\n.then(function (res) {\n    res.should.have.status(expCode);\n    done();\n}).catch(err=>done(err));",
                  "err": {},
                  "uuid": "1485dfd7-be30-4de8-afda-f890f8dca8e9",
                  "parentUUID": "c751d1ff-1428-4354-8f5c-d42ba5ed3570",
                  "isHook": false,
                  "skipped": false
                }
              ],
              "suites": [],
              "passes": [
                "1485dfd7-be30-4de8-afda-f890f8dca8e9"
              ],
              "failures": [],
              "pending": [],
              "skipped": [],
              "duration": 18,
              "root": false,
              "rootEmpty": false,
              "_timeout": 30000
            },
            {
              "uuid": "4a1fd752-4f7a-4234-92bc-e26b5c912cac",
              "title": "post /api/skuitem/",
              "fullFile": "/Users/alessandrogelsi/Desktop/EzWarehouseDev/EzWh/code/server/acceptanceTest/testEzWhAPI.js",
              "file": "/acceptanceTest/testEzWhAPI.js",
              "beforeHooks": [],
              "afterHooks": [],
              "tests": [
                {
                  "title": "Adding skuitem details",
                  "fullTitle": "Test CR1 RestockOrder post /api/skuitem/ Adding skuitem details",
                  "timedOut": false,
                  "duration": 22,
                  "state": "passed",
                  "speed": "fast",
                  "pass": true,
                  "fail": false,
                  "pending": false,
                  "context": null,
                  "code": "let id = ids.getIdSku();\nlet skuitem;\nif(myskuitem.SKUId > id.length || myskuitem.SKUId === null){\n    skuitem = newSkuItem(myskuitem.RFID, myskuitem.SKUId , myskuitem.DateOfStock); \n}\nelse{\n    skuitem = newSkuItem(myskuitem.RFID, id[myskuitem.SKUId] , myskuitem.DateOfStock);\n}\nagent.post('/api/skuitem/')\n.send(skuitem)\n.then(function (res) {\n    res.should.have.status(expCode);\n    done();\n}).catch(err=>done(err));",
                  "err": {},
                  "uuid": "1ebc09de-9230-428a-8507-99c5ea3f17ee",
                  "parentUUID": "4a1fd752-4f7a-4234-92bc-e26b5c912cac",
                  "isHook": false,
                  "skipped": false
                }
              ],
              "suites": [],
              "passes": [
                "1ebc09de-9230-428a-8507-99c5ea3f17ee"
              ],
              "failures": [],
              "pending": [],
              "skipped": [],
              "duration": 22,
              "root": false,
              "rootEmpty": false,
              "_timeout": 30000
            },
            {
              "uuid": "1baf5e22-549f-4fe8-bab0-ed66e8a72296",
              "title": " get /api/suppliers",
              "fullFile": "/Users/alessandrogelsi/Desktop/EzWarehouseDev/EzWh/code/server/acceptanceTest/testEzWhAPI.js",
              "file": "/acceptanceTest/testEzWhAPI.js",
              "beforeHooks": [],
              "afterHooks": [],
              "tests": [
                {
                  "title": " get all suppliers",
                  "fullTitle": "Test CR1 RestockOrder  get /api/suppliers  get all suppliers",
                  "timedOut": false,
                  "duration": 4,
                  "state": "passed",
                  "speed": "fast",
                  "pass": true,
                  "fail": false,
                  "pending": false,
                  "context": null,
                  "code": "let idsupp = [];\nagent.get('/api/suppliers')\n.then(function(res){\n    for(let i=0; i<res.body.length; i++){\n        idsupp[i] = res.body[i].id;\n    }\n    ids.setIdSuppliers(idsupp);\n    //console.log(res.body);\n    done();\n}).catch(err=>done(err));",
                  "err": {},
                  "uuid": "f7337811-a90a-47d2-ab29-fb8c49a8d106",
                  "parentUUID": "1baf5e22-549f-4fe8-bab0-ed66e8a72296",
                  "isHook": false,
                  "skipped": false
                }
              ],
              "suites": [],
              "passes": [
                "f7337811-a90a-47d2-ab29-fb8c49a8d106"
              ],
              "failures": [],
              "pending": [],
              "skipped": [],
              "duration": 4,
              "root": false,
              "rootEmpty": false,
              "_timeout": 30000
            },
            {
              "uuid": "0dd1d051-61ae-4111-9c7a-6b366c9dba58",
              "title": "Removing all Items",
              "fullFile": "/Users/alessandrogelsi/Desktop/EzWarehouseDev/EzWh/code/server/acceptanceTest/testEzWhAPI.js",
              "file": "/acceptanceTest/testEzWhAPI.js",
              "beforeHooks": [],
              "afterHooks": [],
              "tests": [
                {
                  "title": "get /api/items/",
                  "fullTitle": "Test CR1 RestockOrder Removing all Items get /api/items/",
                  "timedOut": false,
                  "duration": 4,
                  "state": "passed",
                  "speed": "fast",
                  "pass": true,
                  "fail": false,
                  "pending": false,
                  "context": null,
                  "code": "const res = await agent.get('/api/items');\nconsole.log(res.body);\nres.should.have.status(200);\nif(res.body.length !==0) {\n    let res2;\n    for (let i = 0; i< res.body.length; i++){\n        res2 = await\n        agent.delete('/api/items/'+res.body[i].id+'/'+res.body[i].supplierId);\n        res2.should.have.status(204);\n        console.log(\"Deleted \" + res.body[i].id + \" by supplier \"+ res.body[i].supplierId);\n    }\n}",
                  "err": {},
                  "uuid": "549fbb54-1c4c-4237-8640-24d5e95679cb",
                  "parentUUID": "0dd1d051-61ae-4111-9c7a-6b366c9dba58",
                  "isHook": false,
                  "skipped": false
                }
              ],
              "suites": [],
              "passes": [
                "549fbb54-1c4c-4237-8640-24d5e95679cb"
              ],
              "failures": [],
              "pending": [],
              "skipped": [],
              "duration": 4,
              "root": false,
              "rootEmpty": false,
              "_timeout": 30000
            },
            {
              "uuid": "0279ceaf-ae5c-440f-800c-e4504da960cb",
              "title": "post /api/item/",
              "fullFile": "/Users/alessandrogelsi/Desktop/EzWarehouseDev/EzWh/code/server/acceptanceTest/testEzWhAPI.js",
              "file": "/acceptanceTest/testEzWhAPI.js",
              "beforeHooks": [],
              "afterHooks": [],
              "tests": [
                {
                  "title": "Adding item details",
                  "fullTitle": "Test CR1 RestockOrder post /api/item/ Adding item details",
                  "timedOut": false,
                  "duration": 6,
                  "state": "passed",
                  "speed": "fast",
                  "pass": true,
                  "fail": false,
                  "pending": false,
                  "context": null,
[...]
                      "err": {},
                      "uuid": "1b85ae36-5d2d-4b6b-bf69-8736468f7dc5",
                      "parentUUID": "84d43a14-0dff-478f-a4ee-ecfac3f3ebd6",
                      "isHook": false,
                      "skipped": false
                    }
                  ],
                  "suites": [],
                  "passes": [
                    "1b85ae36-5d2d-4b6b-bf69-8736468f7dc5"
                  ],
                  "failures": [],
                  "pending": [],
                  "skipped": [],
                  "duration": 12,
                  "root": false,
                  "rootEmpty": false,
                  "_timeout": 30000
                },
                {
                  "uuid": "c796bc3f-105e-4e9b-a84a-744d656fe4c0",
                  "title": " get /api/restockOrders",
                  "fullFile": "/Users/alessandrogelsi/Desktop/EzWarehouseDev/EzWh/code/server/acceptanceTest/testEzWhAPI.js",
                  "file": "/acceptanceTest/testEzWhAPI.js",
                  "beforeHooks": [],
                  "afterHooks": [],
                  "tests": [
                    {
                      "title": " get all restock orders",
                      "fullTitle": "Testing Change1 requirements Test CR1 ReturnOrder  get /api/restockOrders  get all restock orders",
                      "timedOut": false,
                      "duration": 6,
                      "state": "passed",
                      "speed": "fast",
                      "pass": true,
                      "fail": false,
                      "pending": false,
                      "context": null,
                      "code": "agent.get('/api/restockOrders')\n.then(function(res){\n    res.should.have.status(expCode);\n    res.body.should.be.a('array');\n    let idsupp = ids.getIdSuppliers();\n    let idskus  = ids.getIdSku();\n    let idrestord = [];\n    res.body.length.should.be.eql(myrestocks.length);\n    for(let i = 0; i<res.body.length; i++){\n        idrestord[i] = res.body[i].id;\n        res.body[i].issueDate.should.equal(myrestocks[i].issueDate);\n        res.body[i].supplierId.should.equal(idsupp[myrestocks[i].supplierId]);\n        for(let j = 0; j<res.body[i].products.length; j++){\n            res.body[i].products[j].SKUId.should.equal(idskus[myrestocks[i].products[j].SKUId]);\n            res.body[i].products[j].itemId.should.equal(myrestocks[i].products[j].itemId);\n            res.body[i].products[j].description.should.equal(myrestocks[i].products[j].description);\n            res.body[i].products[j].price.should.equal(myrestocks[i].products[j].price);\n            res.body[i].products[j].qty.should.equal(myrestocks[i].products[j].qty);\n        }\n    }\n    ids.setIdRestockOrders(idrestord);\n    done();\n}).catch(err=>done(err));",
                      "err": {},
                      "uuid": "2bba7e92-b537-48a1-ae3e-6eb6125f4b63",
                      "parentUUID": "c796bc3f-105e-4e9b-a84a-744d656fe4c0",
                      "isHook": false,
                      "skipped": false
                    }
                  ],
                  "suites": [],
                  "passes": [
                    "2bba7e92-b537-48a1-ae3e-6eb6125f4b63"
                  ],
                  "failures": [],
                  "pending": [],
                  "skipped": [],
                  "duration": 6,
                  "root": false,
                  "rootEmpty": false,
                  "_timeout": 30000
                },
                {
                  "uuid": "b830ca63-8448-41f3-bb90-253c9eec6c34",
                  "title": " get /api/restockOrderIssued",
                  "fullFile": "/Users/alessandrogelsi/Desktop/EzWarehouseDev/EzWh/code/server/acceptanceTest/testEzWhAPI.js",
                  "file": "/acceptanceTest/testEzWhAPI.js",
                  "beforeHooks": [],
                  "afterHooks": [],
                  "tests": [
                    {
                      "title": " get all restock order issued",
                      "fullTitle": "Testing Change1 requirements Test CR1 ReturnOrder  get /api/restockOrderIssued  get all restock order issued",
                      "timedOut": false,
                      "duration": 3,
                      "state": "passed",
                      "speed": "fast",
                      "pass": true,
                      "fail": false,
                      "pending": false,
                      "context": null,
                      "code": "agent.get('/api/restockOrdersIssued')\n.then(function(res){\n    let idrestord = [];\n    res.should.have.status(expCode);\n    res.body.should.be.a('array');\n    for(let i = 0; i<res.body.length; i++){\n        idrestord[i] = res.body[i].id;\n        res.body[i].state.should.equal(\"ISSUED\");\n    }\n    ids.setIdRestockOrdersIssued(idrestord);\n    done();\n}).catch(err=>done(err));",
                      "err": {},
                      "uuid": "1c2b499c-6186-4b6b-adbc-64b28180d1fc",
                      "parentUUID": "b830ca63-8448-41f3-bb90-253c9eec6c34",
                      "isHook": false,
                      "skipped": false
                    }
                  ],
                  "suites": [],
                  "passes": [
                    "1c2b499c-6186-4b6b-adbc-64b28180d1fc"
                  ],
                  "failures": [],
                  "pending": [],
                  "skipped": [],
                  "duration": 3,
                  "root": false,
                  "rootEmpty": false,
                  "_timeout": 30000
                },
                {
                  "uuid": "158f9496-e40b-429a-86a6-80b1a5b6292a",
                  "title": " post /api/returnOrder",
                  "fullFile": "/Users/alessandrogelsi/Desktop/EzWarehouseDev/EzWh/code/server/acceptanceTest/testEzWhAPI.js",
                  "file": "/acceptanceTest/testEzWhAPI.js",
                  "beforeHooks": [],
                  "afterHooks": [],
                  "tests": [
                    {
                      "title": " Create a return order",
                      "fullTitle": "Testing Change1 requirements Test CR1 ReturnOrder  post /api/returnOrder  Create a return order",
                      "timedOut": false,
                      "duration": 95,
                      "state": "passed",
                      "speed": "slow",
                      "pass": true,
                      "fail": false,
                      "pending": false,
                      "context": null,
                      "code": "let idroid = ids.getIdRestockOrdersIssued();\nlet idskus = ids.getIdSku();\nlet currentProducts = [];\nlet currentProductswithrfid = [];\nlet restordid;\nif(myretord.restockOrderId === null || myretord.restockOrderId > idroid.length){\n    restordid = myretord.restockOrderId;\n}\nelse{\n    restordid = idroid[myretord.restockOrderId];\n}\nfor(let i=0; i<myretord.products.length ; i++){\n    currentProducts[i] = newrestockorders.newProduct(idskus[myretord.products[i].SKUId], myretord.products[i].itemId, myretord.products[i].description, myretord.products[i].price, myretord.products[i].qty );\n    currentProductswithrfid[i] = newProductwithRFID(currentProducts[i], myretord.products[i].RFID);\n}\nconsole.log(currentProducts);\nlet retord = newReturnOrder(myretord.returnDate, currentProductswithrfid, restordid);\nagent.post('/api/returnOrder')\n.send(retord)\n.then(function(res){\n    console.log(res.body);\n    console.log(retord);\n    res.should.have.status(expCode);\n    done();\n}).catch(err=>done(err));",
                      "err": {},
                      "uuid": "5304d6a9-a985-43b4-96c6-d5af86e55391",
                      "parentUUID": "158f9496-e40b-429a-86a6-80b1a5b6292a",
                      "isHook": false,
                      "skipped": false
                    }
                  ],
                  "suites": [],
                  "passes": [
                    "5304d6a9-a985-43b4-96c6-d5af86e55391"
                  ],
                  "failures": [],
                  "pending": [],
                  "skipped": [],
                  "duration": 95,
                  "root": false,
                  "rootEmpty": false,
                  "_timeout": 30000
                },
                {
                  "uuid": "333c3dab-e511-4463-8745-a1b78deb5879",
                  "title": " post /api/returnOrder",
                  "fullFile": "/Users/alessandrogelsi/Desktop/EzWarehouseDev/EzWh/code/server/acceptanceTest/testEzWhAPI.js",
                  "file": "/acceptanceTest/testEzWhAPI.js",
                  "beforeHooks": [],
                  "afterHooks": [],
                  "tests": [
                    {
                      "title": " Create a return order",
                      "fullTitle": "Testing Change1 requirements Test CR1 ReturnOrder  post /api/returnOrder  Create a return order",
                      "timedOut": false,
                      "duration": 10,
                      "state": "passed",
                      "speed": "fast",
                      "pass": true,
                      "fail": false,
                      "pending": false,
                      "context": null,
                      "code": "let idroid = ids.getIdRestockOrdersIssued();\nlet idskus = ids.getIdSku();\nlet currentProducts = [];\nlet currentProductswithrfid = [];\nlet restordid;\nif(myretord.restockOrderId === null || myretord.restockOrderId > idroid.length){\n    restordid = myretord.restockOrderId;\n}\nelse{\n    restordid = idroid[myretord.restockOrderId];\n}\nfor(let i=0; i<myretord.products.length ; i++){\n    currentProducts[i] = newrestockorders.newProduct(idskus[myretord.products[i].SKUId], myretord.products[i].itemId, myretord.products[i].description, myretord.products[i].price, myretord.products[i].qty );\n    currentProductswithrfid[i] = newProductwithRFID(currentProducts[i], myretord.products[i].RFID);\n}\nconsole.log(currentProducts);\nlet retord = newReturnOrder(myretord.returnDate, currentProductswithrfid, restordid);\nagent.post('/api/returnOrder')\n.send(retord)\n.then(function(res){\n    console.log(res.body);\n    console.log(retord);\n    res.should.have.status(expCode);\n    done();\n}).catch(err=>done(err));",
                      "err": {},
                      "uuid": "a05a6ed6-a066-4d44-8e13-64cf071e619b",
                      "parentUUID": "333c3dab-e511-4463-8745-a1b78deb5879",
                      "isHook": false,
                      "skipped": false
                    }
                  ],
                  "suites": [],
                  "passes": [
                    "a05a6ed6-a066-4d44-8e13-64cf071e619b"
                  ],
                  "failures": [],
                  "pending": [],
                  "skipped": [],
                  "duration": 10,
                  "root": false,
                  "rootEmpty": false,
                  "_timeout": 30000
                },
                {
                  "uuid": "1b407bb7-077b-40b7-bbbb-de3829dabeee",
                  "title": " post /api/returnOrder",
                  "fullFile": "/Users/alessandrogelsi/Desktop/EzWarehouseDev/EzWh/code/server/acceptanceTest/testEzWhAPI.js",
                  "file": "/acceptanceTest/testEzWhAPI.js",
                  "beforeHooks": [],
                  "afterHooks": [],
                  "tests": [
                    {
                      "title": " Create a return order",
                      "fullTitle": "Testing Change1 requirements Test CR1 ReturnOrder  post /api/returnOrder  Create a return order",
                      "timedOut": false,
                      "duration": 5,
                      "state": "passed",
                      "speed": "fast",
                      "pass": true,
                      "fail": false,
                      "pending": false,
                      "context": null,
                      "code": "agent.post('/api/returnOrder')\n.send(myretord)\n.then(function(res){\n    //console.log(res);\n    //console.log(retord);\n    res.should.have.status(expCode);\n    done();\n}).catch(err=>done(err));",
                      "err": {},
                      "uuid": "b8e4f56a-be01-4642-9d55-1abd6eba4e98",
                      "parentUUID": "1b407bb7-077b-40b7-bbbb-de3829dabeee",
                      "isHook": false,
                      "skipped": false
                    }
                  ],
                  "suites": [],
                  "passes": [
                    "b8e4f56a-be01-4642-9d55-1abd6eba4e98"
                  ],
                  "failures": [],
                  "pending": [],
                  "skipped": [],
                  "duration": 5,
                  "root": false,
                  "rootEmpty": false,
                  "_timeout": 30000
                },
                {
                  "uuid": "acfe07b6-39d4-48f0-9363-040536d8182b",
                  "title": " get /api/returnOrders",
                  "fullFile": "/Users/alessandrogelsi/Desktop/EzWarehouseDev/EzWh/code/server/acceptanceTest/testEzWhAPI.js",
                  "file": "/acceptanceTest/testEzWhAPI.js",
                  "beforeHooks": [],
                  "afterHooks": [],
                  "tests": [
                    {
                      "title": " get all return orders",
                      "fullTitle": "Testing Change1 requirements Test CR1 ReturnOrder  get /api/returnOrders  get all return orders",
                      "timedOut": false,
                      "duration": 3,
                      "state": "passed",
                      "speed": "fast",
                      "pass": true,
                      "fail": false,
                      "pending": false,
                      "context": null,
                      "code": "agent.get('/api/returnOrders')\n.then(function(res){\n    //console.log(res.body);\n    res.should.have.status(expCode);\n    res.body.should.be.a('array');\n    let idrestockorders = ids.getIdRestockOrdersIssued();\n    let idretord = [];\n    let idskus  = ids.getIdSku();\n    res.body.length.should.be.eql(myretord.length);\n    for(let i = 0; i<res.body.length; i++){\n        idretord[i] = res.body[i].id;\n        res.body[i].returnDate.should.equal(myretord[i].returnDate);\n        res.body[i].restockOrderId.should.equal(idrestockorders[myretord[i].restockOrderId]);\n        for(let j = 0; j<res.body[i].products.length; j++){\n            res.body[i].products[j].SKUId.should.equal(idskus[myretord[i].products[j].SKUId]);\n            res.body[i].products[j].itemId.should.equal(myretord[i].products[j].itemId);\n            res.body[i].products[j].description.should.equal(myretord[i].products[j].description);\n            res.body[i].products[j].price.should.equal(myretord[i].products[j].price);\n            res.body[i].products[j].RFID.should.equal(myretord[i].products[j].RFID);\n        }\n    }\n    ids.setIdReturnOrders(idretord);\n    done();\n}).catch(err=>done(err));",
                      "err": {},
                      "uuid": "a4de48a5-0548-463d-876a-6bbdf788c9de",
                      "parentUUID": "acfe07b6-39d4-48f0-9363-040536d8182b",
                      "isHook": false,
                      "skipped": false
                    }
                  ],
                  "suites": [],
                  "passes": [
                    "a4de48a5-0548-463d-876a-6bbdf788c9de"
                  ],
                  "failures": [],
                  "pending": [],
                  "skipped": [],
                  "duration": 3,
                  "root": false,
                  "rootEmpty": false,
                  "_timeout": 30000
                },
                {
                  "uuid": "66577465-333e-4ad0-a035-0213ce4ace20",
                  "title": " get /api/returnOrders/:id",
                  "fullFile": "/Users/alessandrogelsi/Desktop/EzWarehouseDev/EzWh/code/server/acceptanceTest/testEzWhAPI.js",
                  "file": "/acceptanceTest/testEzWhAPI.js",
                  "beforeHooks": [],
                  "afterHooks": [],
                  "tests": [
                    {
                      "title": " get return order by id",
                      "fullTitle": "Testing Change1 requirements Test CR1 ReturnOrder  get /api/returnOrders/:id  get return order by id",
                      "timedOut": false,
                      "duration": 3,
                      "state": "passed",
                      "speed": "fast",
                      "pass": true,
                      "fail": false,
                      "pending": false,
                      "context": null,
                      "code": "let idsret = ids.getIdReturnOrders();\nlet idskus  = ids.getIdSku();\n//console.log(idsret[id]);\nagent.get('/api/returnOrders/'+idsret[id])\n.then(function(res){\n    res.should.have.status(expCode);\n    res.body.returnDate.should.equal(myretord.returnDate);\n    for(let j = 0; j < res.body.products.length; j++){\n        res.body.products[j].SKUId.should.equal(idskus[myretord.products[j].SKUId]);\n        res.body.products[j].itemId.should.equal(myretord.products[j].itemId);\n        res.body.products[j].description.should.equal(myretord.products[j].description);\n        res.body.products[j].price.should.equal(myretord.products[j].price);\n        res.body.products[j].RFID.should.equal(myretord.products[j].RFID);\n    }\n    done();\n}).catch(err=>done(err));",
                      "err": {},
                      "uuid": "d9197ebd-f539-4197-84b3-c3deb095bea7",
                      "parentUUID": "66577465-333e-4ad0-a035-0213ce4ace20",
                      "isHook": false,
                      "skipped": false
                    }
                  ],
                  "suites": [],
                  "passes": [
                    "d9197ebd-f539-4197-84b3-c3deb095bea7"
                  ],
                  "failures": [],
                  "pending": [],
                  "skipped": [],
                  "duration": 3,
                  "root": false,
                  "rootEmpty": false,
                  "_timeout": 30000
                }
              ],
              "passes": [],
              "failures": [],
              "pending": [],
              "skipped": [],
              "duration": 0,
              "root": false,
              "rootEmpty": false,
              "_timeout": 30000
            }
          ],
          "passes": [],
          "failures": [],
          "pending": [],
          "skipped": [],
          "duration": 0,
          "root": false,
          "rootEmpty": false,
          "_timeout": 30000
        }
      ],
      "passes": [],
      "failures": [],
      "pending": [],
      "skipped": [],
      "duration": 0,
      "root": true,
      "rootEmpty": true,
      "_timeout": 30000
    }
  ],
  "meta": {
    "mocha": {
      "version": "9.2.2"
    },
    "mochawesome": {
      "options": {
        "quiet": false,
        "reportFilename": "mochawesome",
        "saveHtml": true,
        "saveJson": true,
        "consoleReporter": "spec",
        "useInlineDiffs": false,
        "code": true
      },
      "version": "7.1.3"
    },
    "marge": {
      "options": null,
      "version": "6.2.0"
    }
  }
}